0 info it worked if it ends with ok
1 verbose cli [ '/usr/local/bin/node',
1 verbose cli   '/usr/local/bin/npm',
1 verbose cli   'run',
1 verbose cli   'startDevServer' ]
2 info using npm@3.7.3
3 info using node@v5.9.0
4 verbose run-script [ 'prestartDevServer', 'startDevServer', 'poststartDevServer' ]
5 info lifecycle TalentStarter@0.3.0~prestartDevServer: TalentStarter@0.3.0
6 silly lifecycle TalentStarter@0.3.0~prestartDevServer: no script for prestartDevServer, continuing
7 info lifecycle TalentStarter@0.3.0~startDevServer: TalentStarter@0.3.0
8 verbose lifecycle TalentStarter@0.3.0~startDevServer: unsafe-perm in lifecycle true
9 verbose lifecycle TalentStarter@0.3.0~startDevServer: PATH: /usr/local/lib/node_modules/npm/bin/node-gyp-bin:/Users/gaoyang/talent-ui/talent-starter/node_modules/.bin:/usr/local/bin:/usr/local/bin:/usr/bin:/bin:/usr/sbin:/sbin
10 verbose lifecycle TalentStarter@0.3.0~startDevServer: CWD: /Users/gaoyang/talent-ui/talent-starter
11 silly lifecycle TalentStarter@0.3.0~startDevServer: Args: [ '-c',
11 silly lifecycle   'webpack-dev-server --config ./webpack.config.js --hot' ]
12 silly lifecycle TalentStarter@0.3.0~startDevServer: Returned: code: 1  signal: null
13 info lifecycle TalentStarter@0.3.0~startDevServer: Failed to exec startDevServer script
14 verbose stack Error: TalentStarter@0.3.0 startDevServer: `webpack-dev-server --config ./webpack.config.js --hot`
14 verbose stack Exit status 1
14 verbose stack     at EventEmitter.<anonymous> (/usr/local/lib/node_modules/npm/lib/utils/lifecycle.js:239:16)
14 verbose stack     at emitTwo (events.js:100:13)
14 verbose stack     at EventEmitter.emit (events.js:185:7)
14 verbose stack     at ChildProcess.<anonymous> (/usr/local/lib/node_modules/npm/lib/utils/spawn.js:24:14)
14 verbose stack     at emitTwo (events.js:100:13)
14 verbose stack     at ChildProcess.emit (events.js:185:7)
14 verbose stack     at maybeClose (internal/child_process.js:850:16)
14 verbose stack     at Process.ChildProcess._handle.onexit (internal/child_process.js:215:5)
15 verbose pkgid TalentStarter@0.3.0
16 verbose cwd /Users/gaoyang/talent-ui/talent-starter
17 error Darwin 14.5.0
18 error argv "/usr/local/bin/node" "/usr/local/bin/npm" "run" "startDevServer"
19 error node v5.9.0
20 error npm  v3.7.3
21 error code ELIFECYCLE
22 error TalentStarter@0.3.0 startDevServer: `webpack-dev-server --config ./webpack.config.js --hot`
22 error Exit status 1
23 error Failed at the TalentStarter@0.3.0 startDevServer script 'webpack-dev-server --config ./webpack.config.js --hot'.
23 error Make sure you have the latest version of node.js and npm installed.
23 error If you do, this is most likely a problem with the TalentStarter package,
23 error not with npm itself.
23 error Tell the author that this fails on your system:
23 error     webpack-dev-server --config ./webpack.config.js --hot
23 error You can get information on how to open an issue for this project with:
23 error     npm bugs TalentStarter
23 error Or if that isn't available, you can get their info via:
23 error     npm owner ls TalentStarter
23 error There is likely additional logging output above.
24 verbose exit [ 1, true ]
